2023-12-10T11:42:12+00:00 CRITICAL Paletter image not supported by webp dans C:\MAMP\htdocs\chic_dressing\wp-includes\class-wp-image-editor.php à la ligne 591

2023-12-10T11:42:27+00:00 CRITICAL Paletter image not supported by webp dans C:\MAMP\htdocs\chic_dressing\wp-includes\class-wp-image-editor.php à la ligne 591

2023-12-10T11:42:35+00:00 CRITICAL Paletter image not supported by webp dans C:\MAMP\htdocs\chic_dressing\wp-includes\class-wp-image-editor.php à la ligne 591

2023-12-10T11:42:36+00:00 CRITICAL Paletter image not supported by webp dans C:\MAMP\htdocs\chic_dressing\wp-includes\class-wp-image-editor.php à la ligne 591

2023-12-10T11:42:38+00:00 CRITICAL Paletter image not supported by webp dans C:\MAMP\htdocs\chic_dressing\wp-includes\class-wp-image-editor.php à la ligne 591

2023-12-10T11:42:39+00:00 CRITICAL Paletter image not supported by webp dans C:\MAMP\htdocs\chic_dressing\wp-includes\class-wp-image-editor.php à la ligne 591

2023-12-10T11:42:41+00:00 CRITICAL Paletter image not supported by webp dans C:\MAMP\htdocs\chic_dressing\wp-includes\class-wp-image-editor.php à la ligne 591

2023-12-10T11:42:42+00:00 CRITICAL Paletter image not supported by webp dans C:\MAMP\htdocs\chic_dressing\wp-includes\class-wp-image-editor.php à la ligne 591

2023-12-10T11:42:44+00:00 CRITICAL Paletter image not supported by webp dans C:\MAMP\htdocs\chic_dressing\wp-includes\class-wp-image-editor.php à la ligne 591

2023-12-10T11:42:45+00:00 CRITICAL Paletter image not supported by webp dans C:\MAMP\htdocs\chic_dressing\wp-includes\class-wp-image-editor.php à la ligne 591

2023-12-10T11:42:47+00:00 CRITICAL Paletter image not supported by webp dans C:\MAMP\htdocs\chic_dressing\wp-includes\class-wp-image-editor.php à la ligne 591

2023-12-10T11:42:48+00:00 CRITICAL Paletter image not supported by webp dans C:\MAMP\htdocs\chic_dressing\wp-includes\class-wp-image-editor.php à la ligne 591

2023-12-10T11:42:52+00:00 CRITICAL Paletter image not supported by webp dans C:\MAMP\htdocs\chic_dressing\wp-includes\class-wp-image-editor.php à la ligne 591

2023-12-10T11:42:55+00:00 CRITICAL Paletter image not supported by webp dans C:\MAMP\htdocs\chic_dressing\wp-includes\class-wp-image-editor.php à la ligne 591

2023-12-10T11:42:59+00:00 CRITICAL Paletter image not supported by webp dans C:\MAMP\htdocs\chic_dressing\wp-includes\class-wp-image-editor.php à la ligne 591

2023-12-10T12:35:47+00:00 CRITICAL Uncaught TypeError: implode(): Argument #2 ($array) must be of type ?array, string given in C:\MAMP\htdocs\chic_dressing\wp-content\plugins\wysija-newsletters\helpers\file.php:161
Stack trace:
#0 C:\MAMP\htdocs\chic_dressing\wp-content\plugins\wysija-newsletters\helpers\file.php(161): implode(Array, '|')
#1 C:\MAMP\htdocs\chic_dressing\wp-content\plugins\wysija-newsletters\core\base.php(820): WYSIJA_help_file->clear()
#2 C:\MAMP\htdocs\chic_dressing\wp-content\plugins\wysija-newsletters\helpers\cron.php(184): WYSIJA::croned_daily()
#3 C:\MAMP\htdocs\chic_dressing\wp-content\plugins\wysija-newsletters\helpers\cron.php(120): WYSIJA_help_cron->run_scheduled_task('daily')
#4 C:\MAMP\htdocs\chic_dressing\wp-content\plugins\wysija-newsletters\helpers\cron.php(56): WYSIJA_help_cron->check_scheduled_task(Array, 'daily')
#5 C:\MAMP\htdocs\chic_dressing\wp-content\plugins\wysija-newsletters\core\base.php(1525): WYSIJA_help_cron->run()
#6 C:\MAMP\htdocs\chic_dressing\wp-includes\class-wp-hook.php(324): init_wysija_cron('')
#7 C:\MAMP\htdocs\chic_dressing\wp-includes\class-wp-hook.php(348): WP_Hook->apply_filters(NULL, Array)
#8 C:\MAMP\htdocs\chic_dressing\wp-includes\plugin.php(517): WP_Hook->do_action(Array)
#9 C:\MAMP\htdocs\chic_dressing\wp-settings.php(643): do_action('init')
#10 C:\MAMP\htdocs\chic_dressing\wp-config.php(82): require_once('C:\\MAMP\\htdocs\\...')
#11 C:\MAMP\htdocs\chic_dressing\wp-load.php(50): require_once('C:\\MAMP\\htdocs\\...')
#12 C:\MAMP\htdocs\chic_dressing\wp-cron.php(46): require_once('C:\\MAMP\\htdocs\\...')
#13 {main}
  thrown dans C:\MAMP\htdocs\chic_dressing\wp-content\plugins\wysija-newsletters\helpers\file.php à la ligne 161

