2023-12-06T08:28:43+00:00 CRITICAL Cannot redeclare remove_google_fonts() (previously declared in C:\MAMP\htdocs\chic_dressing\wp-content\themes\chicdressing\functions.php:13) dans C:\MAMP\htdocs\chic_dressing\wp-content\themes\chicdressing\functions.php à la ligne 18

2023-12-06T08:28:43+00:00 CRITICAL Cannot redeclare remove_google_fonts() (previously declared in C:\MAMP\htdocs\chic_dressing\wp-content\themes\chicdressing\functions.php:13) dans C:\MAMP\htdocs\chic_dressing\wp-content\themes\chicdressing\functions.php à la ligne 18

2023-12-06T08:31:37+00:00 CRITICAL Cannot redeclare remove_google_fonts() (previously declared in C:\MAMP\htdocs\chic_dressing\wp-content\themes\chicdressing\functions.php:13) dans C:\MAMP\htdocs\chic_dressing\wp-content\themes\chicdressing\functions.php à la ligne 18

2023-12-06T11:36:30+00:00 CRITICAL Uncaught TypeError: implode(): Argument #2 ($array) must be of type ?array, string given in C:\MAMP\htdocs\chic_dressing\wp-content\plugins\wysija-newsletters\helpers\file.php:161
Stack trace:
#0 C:\MAMP\htdocs\chic_dressing\wp-content\plugins\wysija-newsletters\helpers\file.php(161): implode(Array, '|')
#1 C:\MAMP\htdocs\chic_dressing\wp-content\plugins\wysija-newsletters\core\base.php(820): WYSIJA_help_file->clear()
#2 C:\MAMP\htdocs\chic_dressing\wp-content\plugins\wysija-newsletters\helpers\cron.php(184): WYSIJA::croned_daily()
#3 C:\MAMP\htdocs\chic_dressing\wp-content\plugins\wysija-newsletters\helpers\cron.php(120): WYSIJA_help_cron->run_scheduled_task('daily')
#4 C:\MAMP\htdocs\chic_dressing\wp-content\plugins\wysija-newsletters\helpers\cron.php(56): WYSIJA_help_cron->check_scheduled_task(Array, 'daily')
#5 C:\MAMP\htdocs\chic_dressing\wp-content\plugins\wysija-newsletters\core\base.php(1525): WYSIJA_help_cron->run()
#6 C:\MAMP\htdocs\chic_dressing\wp-includes\class-wp-hook.php(324): init_wysija_cron('')
#7 C:\MAMP\htdocs\chic_dressing\wp-includes\class-wp-hook.php(348): WP_Hook->apply_filters(NULL, Array)
#8 C:\MAMP\htdocs\chic_dressing\wp-includes\plugin.php(517): WP_Hook->do_action(Array)
#9 C:\MAMP\htdocs\chic_dressing\wp-settings.php(643): do_action('init')
#10 C:\MAMP\htdocs\chic_dressing\wp-config.php(98): require_once('C:\\MAMP\\htdocs\\...')
#11 C:\MAMP\htdocs\chic_dressing\wp-load.php(50): require_once('C:\\MAMP\\htdocs\\...')
#12 C:\MAMP\htdocs\chic_dressing\wp-cron.php(46): require_once('C:\\MAMP\\htdocs\\...')
#13 {main}
  thrown dans C:\MAMP\htdocs\chic_dressing\wp-content\plugins\wysija-newsletters\helpers\file.php à la ligne 161

2023-12-06T12:34:48+00:00 CRITICAL Uncaught Error: Call to undefined function opcache_reset() in C:\MAMP\htdocs\chic_dressing\wp-content\plugins\nginx-helper\admin\class-fastcgi-purger.php:180
Stack trace:
#0 C:\MAMP\htdocs\chic_dressing\wp-content\plugins\nginx-helper\admin\class-nginx-helper-admin.php(752): FastCGI_Purger->purge_all()
#1 C:\MAMP\htdocs\chic_dressing\wp-includes\class-wp-hook.php(324): Nginx_Helper_Admin->purge_all('')
#2 C:\MAMP\htdocs\chic_dressing\wp-includes\class-wp-hook.php(348): WP_Hook->apply_filters('', Array)
#3 C:\MAMP\htdocs\chic_dressing\wp-includes\plugin.php(517): WP_Hook->do_action(Array)
#4 C:\MAMP\htdocs\chic_dressing\wp-includes\class-wp-admin-bar.php(80): do_action('admin_bar_init')
#5 C:\MAMP\htdocs\chic_dressing\wp-includes\admin-bar.php(49): WP_Admin_Bar->initialize()
#6 C:\MAMP\htdocs\chic_dressing\wp-includes\class-wp-hook.php(324): _wp_admin_bar_init('')
#7 C:\MAMP\htdocs\chic_dressing\wp-includes\class-wp-hook.php(348): WP_Hook->apply_filters(NULL, Array)
#8 C:\MAMP\htdocs\chic_dressing\wp-includes\plugin.php(517): WP_Hook->do_action(Array)
#9 C:\MAMP\htdocs\chic_dressing\wp-admin\admin.php(175): do_action('admin_init')
#10 C:\MAMP\htdocs\chic_dressing\wp-admin\options-general.php(10): require_once('C:\\MAMP\\htdocs\\...')
#11 {main}
  thrown dans C:\MAMP\htdocs\chic_dressing\wp-content\plugins\nginx-helper\admin\class-fastcgi-purger.php à la ligne 180

2023-12-06T12:37:53+00:00 CRITICAL Uncaught Error: Call to undefined function opcache_reset() in C:\MAMP\htdocs\chic_dressing\wp-content\plugins\nginx-helper\admin\class-fastcgi-purger.php:180
Stack trace:
#0 C:\MAMP\htdocs\chic_dressing\wp-content\plugins\nginx-helper\admin\class-nginx-helper-admin.php(752): FastCGI_Purger->purge_all()
#1 C:\MAMP\htdocs\chic_dressing\wp-includes\class-wp-hook.php(324): Nginx_Helper_Admin->purge_all('')
#2 C:\MAMP\htdocs\chic_dressing\wp-includes\class-wp-hook.php(348): WP_Hook->apply_filters('', Array)
#3 C:\MAMP\htdocs\chic_dressing\wp-includes\plugin.php(517): WP_Hook->do_action(Array)
#4 C:\MAMP\htdocs\chic_dressing\wp-includes\class-wp-admin-bar.php(80): do_action('admin_bar_init')
#5 C:\MAMP\htdocs\chic_dressing\wp-includes\admin-bar.php(49): WP_Admin_Bar->initialize()
#6 C:\MAMP\htdocs\chic_dressing\wp-includes\class-wp-hook.php(324): _wp_admin_bar_init('')
#7 C:\MAMP\htdocs\chic_dressing\wp-includes\class-wp-hook.php(348): WP_Hook->apply_filters(NULL, Array)
#8 C:\MAMP\htdocs\chic_dressing\wp-includes\plugin.php(517): WP_Hook->do_action(Array)
#9 C:\MAMP\htdocs\chic_dressing\wp-admin\admin.php(175): do_action('admin_init')
#10 C:\MAMP\htdocs\chic_dressing\wp-admin\options-general.php(10): require_once('C:\\MAMP\\htdocs\\...')
#11 {main}
  thrown dans C:\MAMP\htdocs\chic_dressing\wp-content\plugins\nginx-helper\admin\class-fastcgi-purger.php à la ligne 180

2023-12-06T13:06:34+00:00 CRITICAL Uncaught Error: Call to undefined function opcache_reset() in C:\MAMP\htdocs\chic_dressing\wp-content\plugins\nginx-helper\admin\class-fastcgi-purger.php:180
Stack trace:
#0 C:\MAMP\htdocs\chic_dressing\wp-content\plugins\nginx-helper\admin\class-nginx-helper-admin.php(752): FastCGI_Purger->purge_all()
#1 C:\MAMP\htdocs\chic_dressing\wp-includes\class-wp-hook.php(324): Nginx_Helper_Admin->purge_all('')
#2 C:\MAMP\htdocs\chic_dressing\wp-includes\class-wp-hook.php(348): WP_Hook->apply_filters('', Array)
#3 C:\MAMP\htdocs\chic_dressing\wp-includes\plugin.php(517): WP_Hook->do_action(Array)
#4 C:\MAMP\htdocs\chic_dressing\wp-includes\class-wp-admin-bar.php(80): do_action('admin_bar_init')
#5 C:\MAMP\htdocs\chic_dressing\wp-includes\admin-bar.php(49): WP_Admin_Bar->initialize()
#6 C:\MAMP\htdocs\chic_dressing\wp-includes\class-wp-hook.php(324): _wp_admin_bar_init('')
#7 C:\MAMP\htdocs\chic_dressing\wp-includes\class-wp-hook.php(348): WP_Hook->apply_filters(NULL, Array)
#8 C:\MAMP\htdocs\chic_dressing\wp-includes\plugin.php(517): WP_Hook->do_action(Array)
#9 C:\MAMP\htdocs\chic_dressing\wp-admin\admin.php(175): do_action('admin_init')
#10 C:\MAMP\htdocs\chic_dressing\wp-admin\options-general.php(10): require_once('C:\\MAMP\\htdocs\\...')
#11 {main}
  thrown dans C:\MAMP\htdocs\chic_dressing\wp-content\plugins\nginx-helper\admin\class-fastcgi-purger.php à la ligne 180

2023-12-06T13:32:00+00:00 CRITICAL Uncaught Error: Call to undefined function opcache_reset() in C:\MAMP\htdocs\chic_dressing\wp-content\plugins\nginx-helper\admin\class-fastcgi-purger.php:180
Stack trace:
#0 C:\MAMP\htdocs\chic_dressing\wp-content\plugins\nginx-helper\admin\class-nginx-helper-admin.php(752): FastCGI_Purger->purge_all()
#1 C:\MAMP\htdocs\chic_dressing\wp-includes\class-wp-hook.php(324): Nginx_Helper_Admin->purge_all('')
#2 C:\MAMP\htdocs\chic_dressing\wp-includes\class-wp-hook.php(348): WP_Hook->apply_filters('', Array)
#3 C:\MAMP\htdocs\chic_dressing\wp-includes\plugin.php(517): WP_Hook->do_action(Array)
#4 C:\MAMP\htdocs\chic_dressing\wp-includes\class-wp-admin-bar.php(80): do_action('admin_bar_init')
#5 C:\MAMP\htdocs\chic_dressing\wp-includes\admin-bar.php(49): WP_Admin_Bar->initialize()
#6 C:\MAMP\htdocs\chic_dressing\wp-includes\class-wp-hook.php(324): _wp_admin_bar_init('')
#7 C:\MAMP\htdocs\chic_dressing\wp-includes\class-wp-hook.php(348): WP_Hook->apply_filters(NULL, Array)
#8 C:\MAMP\htdocs\chic_dressing\wp-includes\plugin.php(517): WP_Hook->do_action(Array)
#9 C:\MAMP\htdocs\chic_dressing\wp-admin\admin.php(175): do_action('admin_init')
#10 {main}
  thrown dans C:\MAMP\htdocs\chic_dressing\wp-content\plugins\nginx-helper\admin\class-fastcgi-purger.php à la ligne 180

