2023-12-05T09:37:42+00:00 CRITICAL Uncaught TypeError: implode(): Argument #2 ($array) must be of type ?array, string given in C:\MAMP\htdocs\chic_dressing\wp-content\plugins\wysija-newsletters\helpers\file.php:161
Stack trace:
#0 C:\MAMP\htdocs\chic_dressing\wp-content\plugins\wysija-newsletters\helpers\file.php(161): implode(Array, '|')
#1 C:\MAMP\htdocs\chic_dressing\wp-content\plugins\wysija-newsletters\core\base.php(820): WYSIJA_help_file->clear()
#2 C:\MAMP\htdocs\chic_dressing\wp-content\plugins\wysija-newsletters\helpers\cron.php(184): WYSIJA::croned_daily()
#3 C:\MAMP\htdocs\chic_dressing\wp-content\plugins\wysija-newsletters\helpers\cron.php(120): WYSIJA_help_cron->run_scheduled_task('daily')
#4 C:\MAMP\htdocs\chic_dressing\wp-content\plugins\wysija-newsletters\helpers\cron.php(56): WYSIJA_help_cron->check_scheduled_task(Array, 'daily')
#5 C:\MAMP\htdocs\chic_dressing\wp-content\plugins\wysija-newsletters\core\base.php(1525): WYSIJA_help_cron->run()
#6 C:\MAMP\htdocs\chic_dressing\wp-includes\class-wp-hook.php(324): init_wysija_cron('')
#7 C:\MAMP\htdocs\chic_dressing\wp-includes\class-wp-hook.php(348): WP_Hook->apply_filters(NULL, Array)
#8 C:\MAMP\htdocs\chic_dressing\wp-includes\plugin.php(517): WP_Hook->do_action(Array)
#9 C:\MAMP\htdocs\chic_dressing\wp-settings.php(643): do_action('init')
#10 C:\MAMP\htdocs\chic_dressing\wp-config.php(96): require_once('C:\\MAMP\\htdocs\\...')
#11 C:\MAMP\htdocs\chic_dressing\wp-load.php(50): require_once('C:\\MAMP\\htdocs\\...')
#12 C:\MAMP\htdocs\chic_dressing\wp-cron.php(46): require_once('C:\\MAMP\\htdocs\\...')
#13 {main}
  thrown dans C:\MAMP\htdocs\chic_dressing\wp-content\plugins\wysija-newsletters\helpers\file.php à la ligne 161

2023-12-05T19:38:16+00:00 CRITICAL Cannot redeclare remove_google_fonts() (previously declared in C:\MAMP\htdocs\chic_dressing\wp-content\themes\chicdressing\functions.php:12) dans C:\MAMP\htdocs\chic_dressing\wp-content\themes\chicdressing\functions.php à la ligne 16

2023-12-05T19:38:16+00:00 CRITICAL Cannot redeclare remove_google_fonts() (previously declared in C:\MAMP\htdocs\chic_dressing\wp-content\themes\chicdressing\functions.php:12) dans C:\MAMP\htdocs\chic_dressing\wp-content\themes\chicdressing\functions.php à la ligne 16

2023-12-05T19:38:20+00:00 CRITICAL Cannot redeclare remove_google_fonts() (previously declared in C:\MAMP\htdocs\chic_dressing\wp-content\themes\chicdressing\functions.php:12) dans C:\MAMP\htdocs\chic_dressing\wp-content\themes\chicdressing\functions.php à la ligne 16

2023-12-05T19:38:34+00:00 CRITICAL Cannot redeclare remove_google_fonts() (previously declared in C:\MAMP\htdocs\chic_dressing\wp-content\themes\chicdressing\functions.php:12) dans C:\MAMP\htdocs\chic_dressing\wp-content\themes\chicdressing\functions.php à la ligne 16

2023-12-05T19:38:58+00:00 CRITICAL Cannot redeclare remove_google_fonts() (previously declared in C:\MAMP\htdocs\chic_dressing\wp-content\themes\chicdressing\functions.php:12) dans C:\MAMP\htdocs\chic_dressing\wp-content\themes\chicdressing\functions.php à la ligne 16

2023-12-05T19:39:27+00:00 CRITICAL Cannot redeclare remove_google_fonts() (previously declared in C:\MAMP\htdocs\chic_dressing\wp-content\themes\chicdressing\functions.php:12) dans C:\MAMP\htdocs\chic_dressing\wp-content\themes\chicdressing\functions.php à la ligne 16

2023-12-05T19:40:13+00:00 CRITICAL Cannot redeclare remove_google_fonts() (previously declared in C:\MAMP\htdocs\chic_dressing\wp-content\themes\chicdressing\functions.php:12) dans C:\MAMP\htdocs\chic_dressing\wp-content\themes\chicdressing\functions.php à la ligne 16

2023-12-05T19:40:48+00:00 CRITICAL Cannot redeclare remove_google_fonts() (previously declared in C:\MAMP\htdocs\chic_dressing\wp-content\themes\chicdressing\functions.php:12) dans C:\MAMP\htdocs\chic_dressing\wp-content\themes\chicdressing\functions.php à la ligne 16

2023-12-05T19:40:59+00:00 CRITICAL Cannot redeclare remove_google_fonts() (previously declared in C:\MAMP\htdocs\chic_dressing\wp-content\themes\chicdressing\functions.php:12) dans C:\MAMP\htdocs\chic_dressing\wp-content\themes\chicdressing\functions.php à la ligne 16

2023-12-05T19:41:05+00:00 CRITICAL Cannot redeclare remove_google_fonts() (previously declared in C:\MAMP\htdocs\chic_dressing\wp-content\themes\chicdressing\functions.php:12) dans C:\MAMP\htdocs\chic_dressing\wp-content\themes\chicdressing\functions.php à la ligne 16

2023-12-05T19:41:57+00:00 CRITICAL Cannot redeclare remove_google_fonts() (previously declared in C:\MAMP\htdocs\chic_dressing\wp-content\themes\chicdressing\functions.php:12) dans C:\MAMP\htdocs\chic_dressing\wp-content\themes\chicdressing\functions.php à la ligne 16

2023-12-05T19:43:50+00:00 CRITICAL Cannot redeclare remove_google_fonts() (previously declared in C:\MAMP\htdocs\chic_dressing\wp-content\themes\chicdressing\functions.php:12) dans C:\MAMP\htdocs\chic_dressing\wp-content\themes\chicdressing\functions.php à la ligne 16

2023-12-05T19:43:51+00:00 CRITICAL Cannot redeclare remove_google_fonts() (previously declared in C:\MAMP\htdocs\chic_dressing\wp-content\themes\chicdressing\functions.php:12) dans C:\MAMP\htdocs\chic_dressing\wp-content\themes\chicdressing\functions.php à la ligne 16

2023-12-05T19:44:00+00:00 CRITICAL Cannot redeclare remove_google_fonts() (previously declared in C:\MAMP\htdocs\chic_dressing\wp-content\themes\chicdressing\functions.php:12) dans C:\MAMP\htdocs\chic_dressing\wp-content\themes\chicdressing\functions.php à la ligne 16

2023-12-05T19:44:28+00:00 CRITICAL Cannot redeclare remove_google_fonts() (previously declared in C:\MAMP\htdocs\chic_dressing\wp-content\themes\chicdressing\functions.php:14) dans C:\MAMP\htdocs\chic_dressing\wp-content\themes\chicdressing\functions.php à la ligne 18

2023-12-05T19:44:34+00:00 CRITICAL Cannot redeclare remove_google_fonts() (previously declared in C:\MAMP\htdocs\chic_dressing\wp-content\themes\chicdressing\functions.php:14) dans C:\MAMP\htdocs\chic_dressing\wp-content\themes\chicdressing\functions.php à la ligne 18

2023-12-05T19:47:59+00:00 CRITICAL Cannot redeclare remove_google_fonts() (previously declared in C:\MAMP\htdocs\chic_dressing\wp-content\themes\chicdressing\functions.php:14) dans C:\MAMP\htdocs\chic_dressing\wp-content\themes\chicdressing\functions.php à la ligne 18

2023-12-05T19:48:37+00:00 CRITICAL Cannot redeclare remove_google_fonts() (previously declared in C:\MAMP\htdocs\chic_dressing\wp-content\themes\chicdressing\functions.php:14) dans C:\MAMP\htdocs\chic_dressing\wp-content\themes\chicdressing\functions.php à la ligne 18

2023-12-05T19:48:40+00:00 CRITICAL Cannot redeclare remove_google_fonts() (previously declared in C:\MAMP\htdocs\chic_dressing\wp-content\themes\chicdressing\functions.php:14) dans C:\MAMP\htdocs\chic_dressing\wp-content\themes\chicdressing\functions.php à la ligne 18

2023-12-05T19:49:40+00:00 CRITICAL Cannot redeclare remove_google_fonts() (previously declared in C:\MAMP\htdocs\chic_dressing\wp-content\themes\chicdressing\functions.php:14) dans C:\MAMP\htdocs\chic_dressing\wp-content\themes\chicdressing\functions.php à la ligne 18

2023-12-05T19:49:40+00:00 CRITICAL Cannot redeclare remove_google_fonts() (previously declared in C:\MAMP\htdocs\chic_dressing\wp-content\themes\chicdressing\functions.php:14) dans C:\MAMP\htdocs\chic_dressing\wp-content\themes\chicdressing\functions.php à la ligne 18

